{"/Users/air/lesson6/app.js":{"path":"/Users/air/lesson6/app.js","s":{"1":1,"2":6,"3":5,"4":1,"5":4,"6":1,"7":3,"8":1,"9":2,"10":1,"11":11,"12":1,"13":10,"14":1,"15":1,"16":1,"17":1,"18":1},"b":{"1":[5,1],"2":[1,4],"3":[1,3],"4":[1,2],"5":[1,1],"6":[2,2],"7":[1,10],"8":[1,0]},"f":{"1":6,"2":11},"fnMap":{"1":{"name":"fibonacci","line":6,"loc":{"start":{"line":6,"column":0},"end":{"line":6,"column":21}}},"2":{"name":"(anonymous_2)","line":16,"loc":{"start":{"line":16,"column":11},"end":{"line":16,"column":36}}}},"statementMap":{"1":{"start":{"line":6,"column":0},"end":{"line":28,"column":1}},"2":{"start":{"line":7,"column":1},"end":{"line":27,"column":2}},"3":{"start":{"line":8,"column":2},"end":{"line":24,"column":3}},"4":{"start":{"line":9,"column":3},"end":{"line":9,"column":12}},"5":{"start":{"line":10,"column":8},"end":{"line":24,"column":3}},"6":{"start":{"line":11,"column":3},"end":{"line":11,"column":35}},"7":{"start":{"line":12,"column":8},"end":{"line":24,"column":3}},"8":{"start":{"line":13,"column":3},"end":{"line":13,"column":12}},"9":{"start":{"line":14,"column":8},"end":{"line":24,"column":3}},"10":{"start":{"line":16,"column":3},"end":{"line":20,"column":5}},"11":{"start":{"line":17,"column":4},"end":{"line":19,"column":5}},"12":{"start":{"line":17,"column":15},"end":{"line":17,"column":27}},"13":{"start":{"line":18,"column":5},"end":{"line":18,"column":37}},"14":{"start":{"line":21,"column":3},"end":{"line":21,"column":18}},"15":{"start":{"line":22,"column":8},"end":{"line":24,"column":3}},"16":{"start":{"line":23,"column":3},"end":{"line":23,"column":37}},"17":{"start":{"line":26,"column":2},"end":{"line":26,"column":42}},"18":{"start":{"line":31,"column":0},"end":{"line":31,"column":30}}},"branchMap":{"1":{"line":7,"type":"if","locations":[{"start":{"line":7,"column":1},"end":{"line":7,"column":1}},{"start":{"line":7,"column":1},"end":{"line":7,"column":1}}]},"2":{"line":8,"type":"if","locations":[{"start":{"line":8,"column":2},"end":{"line":8,"column":2}},{"start":{"line":8,"column":2},"end":{"line":8,"column":2}}]},"3":{"line":10,"type":"if","locations":[{"start":{"line":10,"column":8},"end":{"line":10,"column":8}},{"start":{"line":10,"column":8},"end":{"line":10,"column":8}}]},"4":{"line":12,"type":"if","locations":[{"start":{"line":12,"column":8},"end":{"line":12,"column":8}},{"start":{"line":12,"column":8},"end":{"line":12,"column":8}}]},"5":{"line":14,"type":"if","locations":[{"start":{"line":14,"column":8},"end":{"line":14,"column":8}},{"start":{"line":14,"column":8},"end":{"line":14,"column":8}}]},"6":{"line":14,"type":"binary-expr","locations":[{"start":{"line":14,"column":11},"end":{"line":14,"column":16}},{"start":{"line":14,"column":20},"end":{"line":14,"column":26}}]},"7":{"line":17,"type":"if","locations":[{"start":{"line":17,"column":4},"end":{"line":17,"column":4}},{"start":{"line":17,"column":4},"end":{"line":17,"column":4}}]},"8":{"line":22,"type":"if","locations":[{"start":{"line":22,"column":8},"end":{"line":22,"column":8}},{"start":{"line":22,"column":8},"end":{"line":22,"column":8}}]}}}}