TN:
SF:/Users/air/lesson6/app.js
FN:6,fibonacci
FN:16,(anonymous_2)
FNF:2
FNH:2
FNDA:6,fibonacci
FNDA:11,(anonymous_2)
DA:6,1
DA:7,6
DA:8,5
DA:9,1
DA:10,4
DA:11,1
DA:12,3
DA:13,1
DA:14,2
DA:16,1
DA:17,11
DA:18,10
DA:21,1
DA:22,1
DA:23,1
DA:26,1
DA:31,1
LF:17
LH:17
BRDA:7,1,0,5
BRDA:7,1,1,1
BRDA:8,2,0,1
BRDA:8,2,1,4
BRDA:10,3,0,1
BRDA:10,3,1,3
BRDA:12,4,0,1
BRDA:12,4,1,2
BRDA:14,5,0,1
BRDA:14,5,1,1
BRDA:14,6,0,2
BRDA:14,6,1,2
BRDA:17,7,0,1
BRDA:17,7,1,10
BRDA:22,8,0,1
BRDA:22,8,1,0
BRF:16
BRH:15
end_of_record
